<?xml version="1.0" encoding="UTF-8"?>
<!-- Generated by org.testng.reporters.JUnitXMLReporter -->
<testsuite hostname="38fn-ynar" ignored="0" name="Test" tests="5" failures="0" timestamp="13 Jun 2017 18:45:31 GMT" time="0.709" errors="0">
  <testcase name="@BeforeClass configBeforeClass" time="0.528" classname="com.acttime.usertest.UserTest">
    <failure type="java.lang.IllegalStateException" message="The driver executable does not exist: D:\Users\Qsp-tyy-24\Desktop\server\IEDriverServer.exe">
      <![CDATA[java.lang.IllegalStateException: The driver executable does not exist: D:\Users\Qsp-tyy-24\Desktop\server\IEDriverServer.exe
	at com.google.common.base.Preconditions.checkState(Preconditions.java:199)
	at org.openqa.selenium.remote.service.DriverService.checkExecutable(DriverService.java:121)
	at org.openqa.selenium.remote.service.DriverService.findExecutable(DriverService.java:116)
	at org.openqa.selenium.ie.InternetExplorerDriverService.access$0(InternetExplorerDriverService.java:1)
	at org.openqa.selenium.ie.InternetExplorerDriverService$Builder.findDefaultExecutable(InternetExplorerDriverService.java:167)
	at org.openqa.selenium.remote.service.DriverService$Builder.build(DriverService.java:296)
	at org.openqa.selenium.ie.InternetExplorerDriver.setupService(InternetExplorerDriver.java:251)
	at org.openqa.selenium.ie.InternetExplorerDriver.<init>(InternetExplorerDriver.java:172)
	at org.openqa.selenium.ie.InternetExplorerDriver.<init>(InternetExplorerDriver.java:146)
	at com.acttime.genericlib.BrowserDriver.getBrowser(BrowserDriver.java:18)
	at com.acttime.usertest.UserTest.configBeforeClass(UserTest.java:49)
... Removed 25 stack frames]]>
    </failure>
  </testcase> <!-- @BeforeClass configBeforeClass -->
  <testcase name="@BeforeMethod beforMtd" time="0.0" classname="com.acttime.usertest.UserTest">
    <skipped/>
  </testcase> <!-- @BeforeMethod beforMtd -->
  <testcase name="@BeforeMethod beforMtd" time="0.0" classname="com.acttime.usertest.UserTest">
    <skipped/>
  </testcase> <!-- @BeforeMethod beforMtd -->
  <testcase name="@AfterClass afterClass" time="0.0" classname="com.acttime.usertest.UserTest">
    <skipped/>
  </testcase> <!-- @AfterClass afterClass -->
  <testcase name="@BeforeClass configBeforeClass" time="0.05" classname="com.actime.reporttest.ReportTest">
    <failure type="java.lang.IllegalStateException" message="The driver executable does not exist: D:\Users\Qsp-tyy-24\Desktop\server\IEDriverServer.exe">
      <![CDATA[java.lang.IllegalStateException: The driver executable does not exist: D:\Users\Qsp-tyy-24\Desktop\server\IEDriverServer.exe
	at com.google.common.base.Preconditions.checkState(Preconditions.java:199)
	at org.openqa.selenium.remote.service.DriverService.checkExecutable(DriverService.java:121)
	at org.openqa.selenium.remote.service.DriverService.findExecutable(DriverService.java:116)
	at org.openqa.selenium.ie.InternetExplorerDriverService.access$0(InternetExplorerDriverService.java:1)
	at org.openqa.selenium.ie.InternetExplorerDriverService$Builder.findDefaultExecutable(InternetExplorerDriverService.java:167)
	at org.openqa.selenium.remote.service.DriverService$Builder.build(DriverService.java:296)
	at org.openqa.selenium.ie.InternetExplorerDriver.setupService(InternetExplorerDriver.java:251)
	at org.openqa.selenium.ie.InternetExplorerDriver.<init>(InternetExplorerDriver.java:172)
	at org.openqa.selenium.ie.InternetExplorerDriver.<init>(InternetExplorerDriver.java:146)
	at com.acttime.genericlib.BrowserDriver.getBrowser(BrowserDriver.java:18)
	at com.actime.reporttest.ReportTest.configBeforeClass(ReportTest.java:36)
... Removed 25 stack frames]]>
    </failure>
  </testcase> <!-- @BeforeClass configBeforeClass -->
  <testcase name="@BeforeMethod beforMtd" time="0.0" classname="com.actime.reporttest.ReportTest">
    <skipped/>
  </testcase> <!-- @BeforeMethod beforMtd -->
  <testcase name="@BeforeMethod beforMtd" time="0.0" classname="com.actime.reporttest.ReportTest">
    <skipped/>
  </testcase> <!-- @BeforeMethod beforMtd -->
  <testcase name="@BeforeMethod beforMtd" time="0.0" classname="com.actime.reporttest.ReportTest">
    <skipped/>
  </testcase> <!-- @BeforeMethod beforMtd -->
  <testcase name="@AfterClass afterClass" time="0.0" classname="com.actime.reporttest.ReportTest">
    <skipped/>
  </testcase> <!-- @AfterClass afterClass -->
  <testcase name="createUserTest" time="0.001" classname="com.acttime.usertest.UserTest">
    <skipped/>
  </testcase> <!-- createUserTest -->
  <testcase name="modifyUSerTest" time="0.0" classname="com.acttime.usertest.UserTest">
    <skipped/>
  </testcase> <!-- modifyUSerTest -->
  <testcase name="createReportTest" time="0.0" classname="com.actime.reporttest.ReportTest">
    <skipped/>
  </testcase> <!-- createReportTest -->
  <testcase name="deleteReportTest" time="0.0" classname="com.actime.reporttest.ReportTest">
    <skipped/>
  </testcase> <!-- deleteReportTest -->
  <testcase name="modifyReportTest" time="0.0" classname="com.actime.reporttest.ReportTest">
    <skipped/>
  </testcase> <!-- modifyReportTest -->
</testsuite> <!-- Test -->
